<?xml version="1.0" encoding="UTF-8"?>
<!-- Generated by org.testng.reporters.JUnitReportReporter -->
<testsuite skipped="0" hostname="G5-PC" name="testcases.Verify_SharingActions" tests="6" failures="0" timestamp="08 Jun 2018 11:16:27 GMT" time="198.899" errors="0">
  <testcase name="RAF_login" time="21.827" classname="testcases.Verify_SharingActions"/>
  <testcase name="FacebookSharing" time="69.818" classname="testcases.Verify_SharingActions"/>
  <testcase name="TwitterSharing" time="49.558" classname="testcases.Verify_SharingActions"/>
  <testcase name="Emailsharing" time="26.354" classname="testcases.Verify_SharingActions"/>
  <testcase name="Managerewardsection" time="15.783" classname="testcases.Verify_SharingActions"/>
  <testcase name="Referralstatus" time="15.559" classname="testcases.Verify_SharingActions"/>
</testsuite> <!-- testcases.Verify_SharingActions -->
