<?xml version="1.0" encoding="UTF-8"?>
<!-- Generated by org.testng.reporters.JUnitReportReporter -->
<testsuite skipped="0" hostname="G5-PC" name="testcases.Verify_BitlyExecution" tests="1" failures="0" timestamp="06 Jun 2018 07:01:23 GMT" time="128.426" errors="0">
  <testcase name="emailBitlyexecution" time="128.426" classname="testcases.Verify_BitlyExecution"/>
</testsuite> <!-- testcases.Verify_BitlyExecution -->
